# JRE version: OpenJDK Runtime Environment Temurin-17.0.14+7 (17.0.14+7) (build 17.0.14+7)
# Java VM: OpenJDK 64-Bit Server VM Temurin-17.0.14+7 (17.0.14+7, mixed mode, sharing, tiered, compressed oops, compressed class ptrs, g1 gc, windows-amd64)
GC Precious Log:
 CPUs: 32 total, 32 available
 Memory: 64650M
 Large Page Support: Disabled
 NUMA Support: Disabled
 Compressed Oops: Enabled (Zero based)
 Heap Region Size: 8M
 Heap Min Capacity: 8M
 Heap Initial Capacity: 1016M
 Heap Max Capacity: 16168M
 Pre-touch: Disabled
 Parallel Workers: 23
 Concurrent Workers: 6
 Concurrent Refinement Workers: 23
 Periodic GC: Disabled
Heap:
 garbage-first heap   total 1327104K, used 712687K [0x000000040d800000, 0x0000000800000000)
  region size 8192K, 2 young (16384K), 2 survivors (16384K)
 Metaspace       used 137689K, committed 139456K, reserved 1179648K
  class space    used 21023K, committed 21824K, reserved 1048576K
GC Heap History (20 events):
Event: 28.561 GC heap after
{Heap after GC invocations=42 (full 0):
 garbage-first heap   total 1318912K, used 510441K [0x000000040d800000, 0x0000000800000000)
  region size 8192K, 7 young (57344K), 7 survivors (57344K)
 Metaspace       used 113628K, committed 115200K, reserved 1179648K
  class space    used 17686K, committed 18368K, reserved 1048576K
}
Event: 62.201 GC heap before
{Heap before GC invocations=42 (full 0):
 garbage-first heap   total 1318912K, used 985577K [0x000000040d800000, 0x0000000800000000)
  region size 8192K, 65 young (532480K), 7 survivors (57344K)
 Metaspace       used 123220K, committed 124928K, reserved 1179648K
  class space    used 18997K, committed 19776K, reserved 1048576K
}
Event: 62.215 GC heap after
{Heap after GC invocations=43 (full 0):
 garbage-first heap   total 1318912K, used 570567K [0x000000040d800000, 0x0000000800000000)
  region size 8192K, 6 young (49152K), 6 survivors (49152K)
 Metaspace       used 123220K, committed 124928K, reserved 1179648K
  class space    used 18997K, committed 19776K, reserved 1048576K
}
Event: 63.713 GC heap before
{Heap before GC invocations=43 (full 0):
 garbage-first heap   total 1318912K, used 1004743K [0x000000040d800000, 0x0000000800000000)
  region size 8192K, 60 young (491520K), 6 survivors (49152K)
 Metaspace       used 127814K, committed 129536K, reserved 1179648K
  class space    used 19625K, committed 20416K, reserved 1048576K
}
Event: 63.725 GC heap after
{Heap after GC invocations=44 (full 0):
 garbage-first heap   total 1318912K, used 615300K [0x000000040d800000, 0x0000000800000000)
  region size 8192K, 7 young (57344K), 7 survivors (57344K)
 Metaspace       used 127814K, committed 129536K, reserved 1179648K
  class space    used 19625K, committed 20416K, reserved 1048576K
}
Event: 65.707 GC heap before
{Heap before GC invocations=44 (full 0):
 garbage-first heap   total 1318912K, used 1008516K [0x000000040d800000, 0x0000000800000000)
  region size 8192K, 55 young (450560K), 7 survivors (57344K)
 Metaspace       used 133305K, committed 135040K, reserved 1179648K
  class space    used 20484K, committed 21248K, reserved 1048576K
}
Event: 65.721 GC heap after
{Heap after GC invocations=45 (full 0):
 garbage-first heap   total 1318912K, used 646937K [0x000000040d800000, 0x0000000800000000)
  region size 8192K, 5 young (40960K), 5 survivors (40960K)
 Metaspace       used 133305K, committed 135040K, reserved 1179648K
  class space    used 20484K, committed 21248K, reserved 1048576K
}
Event: 67.052 GC heap before
{Heap before GC invocations=45 (full 0):
 garbage-first heap   total 1318912K, used 1031961K [0x000000040d800000, 0x0000000800000000)
  region size 8192K, 52 young (425984K), 5 survivors (40960K)
 Metaspace       used 136632K, committed 138368K, reserved 1179648K
  class space    used 20971K, committed 21760K, reserved 1048576K
}
Event: 67.062 GC heap after
{Heap after GC invocations=46 (full 0):
 garbage-first heap   total 1318912K, used 688282K [0x000000040d800000, 0x0000000800000000)
  region size 8192K, 6 young (49152K), 6 survivors (49152K)
 Metaspace       used 136632K, committed 138368K, reserved 1179648K
  class space    used 20971K, committed 21760K, reserved 1048576K
}
Event: 67.488 GC heap before
{Heap before GC invocations=47 (full 0):
 garbage-first heap   total 1327104K, used 1015962K [0x000000040d800000, 0x0000000800000000)
  region size 8192K, 47 young (385024K), 6 survivors (49152K)
 Metaspace       used 136689K, committed 138432K, reserved 1179648K
  class space    used 20984K, committed 21760K, reserved 1048576K
}
Event: 67.494 GC heap after
{Heap after GC invocations=48 (full 0):
 garbage-first heap   total 1327104K, used 697694K [0x000000040d800000, 0x0000000800000000)
  region size 8192K, 2 young (16384K), 2 survivors (16384K)
 Metaspace       used 136689K, committed 138432K, reserved 1179648K
  class space    used 20984K, committed 21760K, reserved 1048576K
}
Event: 67.531 GC heap before
{Heap before GC invocations=48 (full 0):
 garbage-first heap   total 1327104K, used 746846K [0x000000040d800000, 0x0000000800000000)
  region size 8192K, 8 young (65536K), 2 survivors (16384K)
 Metaspace       used 136692K, committed 138432K, reserved 1179648K
  class space    used 20984K, committed 21760K, reserved 1048576K
}
Event: 67.534 GC heap after
{Heap after GC invocations=49 (full 0):
 garbage-first heap   total 1327104K, used 692663K [0x000000040d800000, 0x0000000800000000)
  region size 8192K, 1 young (8192K), 1 survivors (8192K)
 Metaspace       used 136692K, committed 138432K, reserved 1179648K
  class space    used 20984K, committed 21760K, reserved 1048576K
}
Event: 67.896 GC heap before
{Heap before GC invocations=49 (full 0):
 garbage-first heap   total 1327104K, used 1061303K [0x000000040d800000, 0x0000000800000000)
  region size 8192K, 46 young (376832K), 1 survivors (8192K)
 Metaspace       used 136735K, committed 138496K, reserved 1179648K
  class space    used 20984K, committed 21760K, reserved 1048576K
}
Event: 67.898 GC heap after
{Heap after GC invocations=50 (full 0):
 garbage-first heap   total 1327104K, used 690918K [0x000000040d800000, 0x0000000800000000)
  region size 8192K, 1 young (8192K), 1 survivors (8192K)
 Metaspace       used 136735K, committed 138496K, reserved 1179648K
  class space    used 20984K, committed 21760K, reserved 1048576K
}
Event: 69.007 GC heap before
{Heap before GC invocations=51 (full 0):
 garbage-first heap   total 1327104K, used 1067750K [0x000000040d800000, 0x0000000800000000)
  region size 8192K, 48 young (393216K), 1 survivors (8192K)
 Metaspace       used 137374K, committed 139072K, reserved 1179648K
  class space    used 21008K, committed 21760K, reserved 1048576K
}
Event: 69.013 GC heap after
{Heap after GC invocations=52 (full 0):
 garbage-first heap   total 1327104K, used 716549K [0x000000040d800000, 0x0000000800000000)
  region size 8192K, 4 young (32768K), 4 survivors (32768K)
 Metaspace       used 137374K, committed 139072K, reserved 1179648K
  class space    used 21008K, committed 21760K, reserved 1048576K
}
Event: 69.032 GC heap before
{Heap before GC invocations=52 (full 0):
 garbage-first heap   total 1327104K, used 749317K [0x000000040d800000, 0x0000000800000000)
  region size 8192K, 8 young (65536K), 4 survivors (32768K)
 Metaspace       used 137375K, committed 139072K, reserved 1179648K
  class space    used 21008K, committed 21760K, reserved 1048576K
}
Event: 69.039 GC heap after
{Heap after GC invocations=53 (full 0):
 garbage-first heap   total 1327104K, used 708279K [0x000000040d800000, 0x0000000800000000)
  region size 8192K, 1 young (8192K), 1 survivors (8192K)
 Metaspace       used 137375K, committed 139072K, reserved 1179648K
  class space    used 21008K, committed 21760K, reserved 1048576K
}
Event: 69.465 GC heap before
{Heap before GC invocations=53 (full 0):
 garbage-first heap   total 1327104K, used 1085111K [0x000000040d800000, 0x0000000800000000)
  region size 8192K, 47 young (385024K), 1 survivors (8192K)
 Metaspace       used 137689K, committed 139456K, reserved 1179648K
  class space    used 21023K, committed 21824K, reserved 1048576K
}

