# JRE version: OpenJDK Runtime Environment Temurin-17.0.14+7 (17.0.14+7) (build 17.0.14+7)
# Java VM: OpenJDK 64-Bit Server VM Temurin-17.0.14+7 (17.0.14+7, mixed mode, sharing, tiered, compressed oops, compressed class ptrs, g1 gc, windows-amd64)
GC Precious Log:
 CPUs: 32 total, 32 available
 Memory: 64650M
 Large Page Support: Disabled
 NUMA Support: Disabled
 Compressed Oops: Enabled (Zero based)
 Heap Region Size: 8M
 Heap Min Capacity: 8M
 Heap Initial Capacity: 1016M
 Heap Max Capacity: 16168M
 Pre-touch: Disabled
 Parallel Workers: 23
 Concurrent Workers: 6
 Concurrent Refinement Workers: 23
 Periodic GC: Disabled
Heap:
 garbage-first heap   total 1703936K, used 870608K [0x000000040d800000, 0x0000000800000000)
  region size 8192K, 19 young (155648K), 1 survivors (8192K)
 Metaspace       used 140975K, committed 142720K, reserved 1179648K
  class space    used 21229K, committed 22016K, reserved 1048576K
GC Heap History (20 events):
Event: 757.597 GC heap before
{Heap before GC invocations=123 (full 0):
 garbage-first heap   total 1703936K, used 1509608K [0x000000040d800000, 0x0000000800000000)
  region size 8192K, 97 young (794624K), 2 survivors (16384K)
 Metaspace       used 140924K, committed 142656K, reserved 1179648K
  class space    used 21228K, committed 22016K, reserved 1048576K
}
Event: 757.599 GC heap after
{Heap after GC invocations=124 (full 0):
 garbage-first heap   total 1703936K, used 731523K [0x000000040d800000, 0x0000000800000000)
  region size 8192K, 2 young (16384K), 2 survivors (16384K)
 Metaspace       used 140924K, committed 142656K, reserved 1179648K
  class space    used 21228K, committed 22016K, reserved 1048576K
}
Event: 776.762 GC heap before
{Heap before GC invocations=124 (full 0):
 garbage-first heap   total 1703936K, used 1509763K [0x000000040d800000, 0x0000000800000000)
  region size 8192K, 97 young (794624K), 2 survivors (16384K)
 Metaspace       used 140943K, committed 142720K, reserved 1179648K
  class space    used 21229K, committed 22016K, reserved 1048576K
}
Event: 776.764 GC heap after
{Heap after GC invocations=125 (full 0):
 garbage-first heap   total 1703936K, used 731623K [0x000000040d800000, 0x0000000800000000)
  region size 8192K, 2 young (16384K), 2 survivors (16384K)
 Metaspace       used 140943K, committed 142720K, reserved 1179648K
  class space    used 21229K, committed 22016K, reserved 1048576K
}
Event: 795.947 GC heap before
{Heap before GC invocations=125 (full 0):
 garbage-first heap   total 1703936K, used 1509863K [0x000000040d800000, 0x0000000800000000)
  region size 8192K, 97 young (794624K), 2 survivors (16384K)
 Metaspace       used 140947K, committed 142720K, reserved 1179648K
  class space    used 21229K, committed 22016K, reserved 1048576K
}
Event: 795.949 GC heap after
{Heap after GC invocations=126 (full 0):
 garbage-first heap   total 1703936K, used 731611K [0x000000040d800000, 0x0000000800000000)
  region size 8192K, 2 young (16384K), 2 survivors (16384K)
 Metaspace       used 140947K, committed 142720K, reserved 1179648K
  class space    used 21229K, committed 22016K, reserved 1048576K
}
Event: 814.881 GC heap before
{Heap before GC invocations=126 (full 0):
 garbage-first heap   total 1703936K, used 1501659K [0x000000040d800000, 0x0000000800000000)
  region size 8192K, 96 young (786432K), 2 survivors (16384K)
 Metaspace       used 140955K, committed 142720K, reserved 1179648K
  class space    used 21229K, committed 22016K, reserved 1048576K
}
Event: 814.883 GC heap after
{Heap after GC invocations=127 (full 0):
 garbage-first heap   total 1703936K, used 731430K [0x000000040d800000, 0x0000000800000000)
  region size 8192K, 1 young (8192K), 1 survivors (8192K)
 Metaspace       used 140955K, committed 142720K, reserved 1179648K
  class space    used 21229K, committed 22016K, reserved 1048576K
}
Event: 834.534 GC heap before
{Heap before GC invocations=127 (full 0):
 garbage-first heap   total 1703936K, used 1517862K [0x000000040d800000, 0x0000000800000000)
  region size 8192K, 97 young (794624K), 1 survivors (8192K)
 Metaspace       used 140960K, committed 142720K, reserved 1179648K
  class space    used 21229K, committed 22016K, reserved 1048576K
}
Event: 834.536 GC heap after
{Heap after GC invocations=128 (full 0):
 garbage-first heap   total 1703936K, used 731635K [0x000000040d800000, 0x0000000800000000)
  region size 8192K, 1 young (8192K), 1 survivors (8192K)
 Metaspace       used 140960K, committed 142720K, reserved 1179648K
  class space    used 21229K, committed 22016K, reserved 1048576K
}
Event: 854.264 GC heap before
{Heap before GC invocations=128 (full 0):
 garbage-first heap   total 1703936K, used 1518067K [0x000000040d800000, 0x0000000800000000)
  region size 8192K, 97 young (794624K), 1 survivors (8192K)
 Metaspace       used 140960K, committed 142720K, reserved 1179648K
  class space    used 21229K, committed 22016K, reserved 1048576K
}
Event: 854.266 GC heap after
{Heap after GC invocations=129 (full 0):
 garbage-first heap   total 1703936K, used 731611K [0x000000040d800000, 0x0000000800000000)
  region size 8192K, 1 young (8192K), 1 survivors (8192K)
 Metaspace       used 140960K, committed 142720K, reserved 1179648K
  class space    used 21229K, committed 22016K, reserved 1048576K
}
Event: 873.989 GC heap before
{Heap before GC invocations=129 (full 0):
 garbage-first heap   total 1703936K, used 1518043K [0x000000040d800000, 0x0000000800000000)
  region size 8192K, 97 young (794624K), 1 survivors (8192K)
 Metaspace       used 140961K, committed 142720K, reserved 1179648K
  class space    used 21229K, committed 22016K, reserved 1048576K
}
Event: 873.990 GC heap after
{Heap after GC invocations=130 (full 0):
 garbage-first heap   total 1703936K, used 731643K [0x000000040d800000, 0x0000000800000000)
  region size 8192K, 1 young (8192K), 1 survivors (8192K)
 Metaspace       used 140961K, committed 142720K, reserved 1179648K
  class space    used 21229K, committed 22016K, reserved 1048576K
}
Event: 893.620 GC heap before
{Heap before GC invocations=130 (full 0):
 garbage-first heap   total 1703936K, used 1518075K [0x000000040d800000, 0x0000000800000000)
  region size 8192K, 97 young (794624K), 1 survivors (8192K)
 Metaspace       used 140974K, committed 142720K, reserved 1179648K
  class space    used 21229K, committed 22016K, reserved 1048576K
}
Event: 893.622 GC heap after
{Heap after GC invocations=131 (full 0):
 garbage-first heap   total 1703936K, used 731684K [0x000000040d800000, 0x0000000800000000)
  region size 8192K, 1 young (8192K), 1 survivors (8192K)
 Metaspace       used 140974K, committed 142720K, reserved 1179648K
  class space    used 21229K, committed 22016K, reserved 1048576K
}
Event: 913.041 GC heap before
{Heap before GC invocations=131 (full 0):
 garbage-first heap   total 1703936K, used 1518116K [0x000000040d800000, 0x0000000800000000)
  region size 8192K, 97 young (794624K), 1 survivors (8192K)
 Metaspace       used 140974K, committed 142720K, reserved 1179648K
  class space    used 21229K, committed 22016K, reserved 1048576K
}
Event: 913.042 GC heap after
{Heap after GC invocations=132 (full 0):
 garbage-first heap   total 1703936K, used 731391K [0x000000040d800000, 0x0000000800000000)
  region size 8192K, 1 young (8192K), 1 survivors (8192K)
 Metaspace       used 140974K, committed 142720K, reserved 1179648K
  class space    used 21229K, committed 22016K, reserved 1048576K
}
Event: 932.236 GC heap before
{Heap before GC invocations=132 (full 0):
 garbage-first heap   total 1703936K, used 1509631K [0x000000040d800000, 0x0000000800000000)
  region size 8192K, 96 young (786432K), 1 survivors (8192K)
 Metaspace       used 140974K, committed 142720K, reserved 1179648K
  class space    used 21229K, committed 22016K, reserved 1048576K
}
Event: 932.237 GC heap after
{Heap after GC invocations=133 (full 0):
 garbage-first heap   total 1703936K, used 731344K [0x000000040d800000, 0x0000000800000000)
  region size 8192K, 1 young (8192K), 1 survivors (8192K)
 Metaspace       used 140974K, committed 142720K, reserved 1179648K
  class space    used 21229K, committed 22016K, reserved 1048576K
}

